<<<<<<< Updated upstream
18:35:59.719 [NamespaceSystem-akka.actor.default-dispatcher-5] INFO akka.event.slf4j.Slf4jLogger - Slf4jLogger started
18:35:59.817 [main] INFO com.firebase.server.forge.App$ - Listening at 127.0.0.1:9001
18:36:00.094 [NamespaceSystem-akka.actor.default-dispatcher-5] INFO com.firebase.core.namespace.NamespaceActor - heavy-local-12bc4-default-rtdb successfully activated FBKV (SurveyIdle(0)) wait: 90ms, init: 0ms
18:36:14.513 [NamespaceSystem-blocking-namespace-operation-dispatcher-9] INFO com.firebase.core.namespace.StateManager - Namespace heavy-local-12bc4-default-rtdb status Active to Active
19:08:39.268 [Thread-0] INFO com.firebase.server.forge.App$ - Attempting graceful shutdown.
19:08:39.573 [NamespaceSystem-akka.actor.default-dispatcher-32] INFO com.firebase.core.namespace.Terminator$Terminator - 1 actors left to terminate: heavy-local-12bc4-default-rtdb
19:08:39.641 [NamespaceSystem-akka.actor.default-dispatcher-27] INFO com.firebase.core.namespace.NamespaceActor - stopped namespace actor for heavy-local-12bc4-default-rtdb
19:08:39.663 [Thread-0] INFO com.firebase.server.forge.App$ - Graceful shutdown complete.
=======
14:44:18.486 [NamespaceSystem-akka.actor.default-dispatcher-5] INFO akka.event.slf4j.Slf4jLogger - Slf4jLogger started
14:44:19.026 [main] INFO com.firebase.server.forge.App$ - Listening at 127.0.0.1:9001
14:44:19.918 [NamespaceSystem-akka.actor.default-dispatcher-5] INFO com.firebase.core.namespace.NamespaceActor - heavy-local-12bc4-default-rtdb successfully activated FBKV (SurveyIdle(0)) wait: 437ms, init: 0ms
14:44:50.924 [NamespaceSystem-blocking-namespace-operation-dispatcher-10] INFO com.firebase.core.namespace.StateManager - Namespace heavy-local-12bc4-default-rtdb status Active to Active
15:02:46.168 [NamespaceSystem-blocking-namespace-operation-dispatcher-35] INFO com.firebase.core.namespace.StateManager - Namespace heavy-local-12bc4-default-rtdb status Active to Active
15:04:19.372 [NamespaceSystem-blocking-namespace-operation-dispatcher-36] INFO com.firebase.core.namespace.StateManager - Namespace heavy-local-12bc4-default-rtdb status Active to Active
15:04:39.711 [NamespaceSystem-blocking-namespace-operation-dispatcher-41] INFO com.firebase.core.namespace.StateManager - Namespace heavy-local-12bc4-default-rtdb status Active to Active
15:05:20.749 [NamespaceSystem-blocking-namespace-operation-dispatcher-53] INFO com.firebase.core.namespace.StateManager - Namespace heavy-local-12bc4-default-rtdb status Active to Active
15:09:09.588 [FirebaseWorkerPool-1-4] WARN com.firebase.core.persistence.backend.dummy.EmulatorMetadataPersistence - Multiple projectIds are not recommended in single project mode. Requested 
namespace heavy-local-12bc4, but the emulator is configured for heavy-local-12bc4-default-rtdb. To 
opt-out of single project mode add/set the singleProjectMode: false property in 
the firebase.json emulators config. 
15:09:09.619 [NamespaceSystem-akka.actor.default-dispatcher-55] INFO com.firebase.core.namespace.NamespaceActor - heavy-local-12bc4 successfully activated FBKV (SurveyIdle(0)) wait: 11ms, init: 0ms
15:16:20.507 [NamespaceSystem-blocking-namespace-operation-dispatcher-80] INFO com.firebase.core.namespace.StateManager - Namespace heavy-local-12bc4-default-rtdb status Active to Active
16:54:53.229 [NamespaceSystem-blocking-namespace-operation-dispatcher-149] INFO com.firebase.core.namespace.StateManager - Namespace heavy-local-12bc4-default-rtdb status Active to Active
18:48:08.413 [NamespaceSystem-blocking-namespace-operation-dispatcher-268] INFO com.firebase.core.namespace.StateManager - Namespace heavy-local-12bc4-default-rtdb status Active to Active
>>>>>>> Stashed changes
